<?xml version="1.0" encoding="UTF-8"?>
<testng-results total="2" passed="2" failed="0" skipped="0">
  <reporter-output>
  </reporter-output>
  <suite started-at="2024-02-06T08:45:40Z" name="Default suite" finished-at="2024-02-06T08:45:40Z" duration-ms="74">
    <groups>
    </groups>
    <test started-at="2024-02-06T08:45:40Z" name="Default test" finished-at="2024-02-06T08:45:40Z" duration-ms="74">
      <class name="Testcases">
        <test-method signature="testtofail()[pri:0, instance:Testcases@35645047]" started-at="2024-02-06T14:15:40Z" name="testtofail" finished-at="2024-02-06T14:15:40Z" duration-ms="39" status="PASS">
          <reporter-output>
          </reporter-output>
        </test-method> <!-- testtofail -->
        <test-method signature="testtopass()[pri:0, instance:Testcases@35645047]" started-at="2024-02-06T14:15:40Z" name="testtopass" finished-at="2024-02-06T14:15:40Z" duration-ms="3" status="PASS">
          <reporter-output>
          </reporter-output>
        </test-method> <!-- testtopass -->
      </class> <!-- Testcases -->
    </test> <!-- Default test -->
  </suite> <!-- Default suite -->
</testng-results>
